<?xml version="1.0" encoding="UTF-8"?>
<testng-results ignored="0" total="1" passed="1" failed="0" skipped="0">
  <reporter-output>
  </reporter-output>
  <suite started-at="2024-02-04T20:48:56 IST" name="Default suite" finished-at="2024-02-04T20:49:15 IST" duration-ms="18669">
    <groups>
    </groups>
    <test started-at="2024-02-04T20:48:56 IST" name="Default test" finished-at="2024-02-04T20:49:15 IST" duration-ms="18669">
      <class name="test.Amz_Login_01">
        <test-method signature="login_with_valid_credentials()[pri:0, instance:test.Amz_Login_01@10d307f1]" started-at="2024-02-04T20:48:56 IST" name="login_with_valid_credentials" finished-at="2024-02-04T20:49:15 IST" duration-ms="18641" status="PASS">
          <reporter-output>
          </reporter-output>
        </test-method> <!-- login_with_valid_credentials -->
      </class> <!-- test.Amz_Login_01 -->
    </test> <!-- Default test -->
  </suite> <!-- Default suite -->
</testng-results>
